<?xml version="1.0" encoding="UTF-8"?>
<testng-results ignored="0" total="1" passed="1" failed="0" skipped="0">
  <reporter-output>
  </reporter-output>
  <suite started-at="2022-04-28T17:56:10 IST" name="Default suite" finished-at="2022-04-28T17:56:10 IST" duration-ms="60">
    <groups>
    </groups>
    <test started-at="2022-04-28T17:56:10 IST" name="Default test" finished-at="2022-04-28T17:56:10 IST" duration-ms="60">
      <class name="Actionsection10.testngdemo">
        <test-method signature="loan()[pri:0, instance:Actionsection10.testngdemo@359f7cdf]" started-at="2022-04-28T17:56:10 IST" name="loan" finished-at="2022-04-28T17:56:10 IST" duration-ms="11" status="PASS">
          <reporter-output>
          </reporter-output>
        </test-method> <!-- loan -->
      </class> <!-- Actionsection10.testngdemo -->
    </test> <!-- Default test -->
  </suite> <!-- Default suite -->
</testng-results>
